<?xml version="1.0" encoding="UTF-8"?>
<testng-results total="2" passed="2" failed="0" skipped="0">
  <reporter-output>
  </reporter-output>
  <suite started-at="2024-03-07T11:39:13Z" name="Suite1" finished-at="2024-03-07T11:39:29Z" duration-ms="16188">
    <groups>
    </groups>
    <test started-at="2024-03-07T11:39:13Z" name="Nopackage" finished-at="2024-03-07T11:39:29Z" duration-ms="16188">
      <class name="HRMS_TestAutomationScripts.TC_01_LoginLogout">
        <test-method signature="TC_01_LoginLogouts()[pri:0, instance:HRMS_TestAutomationScripts.TC_01_LoginLogout@757942a1]" started-at="2024-03-07T17:09:13Z" name="TC_01_LoginLogouts" finished-at="2024-03-07T17:09:21Z" duration-ms="8819" status="PASS">
          <reporter-output>
          </reporter-output>
        </test-method> <!-- TC_01_LoginLogouts -->
      </class> <!-- HRMS_TestAutomationScripts.TC_01_LoginLogout -->
      <class name="HRMS_TestAutomationScripts.TC_02_AddEmployee">
        <test-method signature="TC_02_AddEmployees()[pri:0, instance:HRMS_TestAutomationScripts.TC_02_AddEmployee@3ecd23d9]" started-at="2024-03-07T17:09:21Z" name="TC_02_AddEmployees" finished-at="2024-03-07T17:09:29Z" duration-ms="7353" status="PASS">
          <reporter-output>
          </reporter-output>
        </test-method> <!-- TC_02_AddEmployees -->
      </class> <!-- HRMS_TestAutomationScripts.TC_02_AddEmployee -->
    </test> <!-- Nopackage -->
  </suite> <!-- Suite1 -->
</testng-results>
